<?xml version="1.0" encoding="UTF-8"?>
<!-- Generated by org.testng.reporters.JUnitReportReporter -->
<testsuite hostname="LAPTOP-IG81UO9R" failures="0" tests="1" name="eComerseProject.Amazon" time="6.478" errors="0" timestamp="2023-07-26T10:05:06 IST" skipped="0">
  <testcase classname="eComerseProject.Amazon" name="amazonTest" time="6.478"/>
  <system-out>
    <![CDATA[Opening Amazon]]>
  </system-out>
</testsuite> <!-- eComerseProject.Amazon -->
