<?xml version="1.0" encoding="UTF-8"?>
<!-- Generated by org.testng.reporters.JUnitReportReporter -->
<testsuite hostname="LAPTOP-IG81UO9R" failures="0" tests="1" name="eComerseProject.FlipKart" time="9.076" errors="0" timestamp="2023-07-26T10:05:06 IST" skipped="0">
  <testcase classname="eComerseProject.FlipKart" name="flipKartTest" time="9.076"/>
  <system-out>
    <![CDATA[Opening Flipkart]]>
  </system-out>
</testsuite> <!-- eComerseProject.FlipKart -->
