<?xml version="1.0" encoding="UTF-8"?>
<!-- Generated by org.testng.reporters.JUnitReportReporter -->
<testsuite hostname="LAPTOP-IG81UO9R" failures="0" tests="1" name="eComerseProject.Ajio" time="13.048" errors="0" timestamp="2023-07-26T10:05:06 IST" skipped="0">
  <testcase classname="eComerseProject.Ajio" name="ajioTest" time="13.048"/>
  <system-out>
    <![CDATA[Opening Ajio]]>
  </system-out>
</testsuite> <!-- eComerseProject.Ajio -->
